
Refreshing status on ../2017/SCO/aberdeen-city/S13002835/ResultsJson.json
Last candidate standing marked ELECTED (8256, stage 6) in Dyce/Bucksburn/Danestone
Writing ../2017/SCO/aberdeen-city/S13002835/ResultsJson.json


Refreshing status on ../2017/SCO/aberdeen-city/S13002836/ResultsJson.json
Last candidate standing marked ELECTED (20987, stage 9) in Bridge of Don
Writing ../2017/SCO/aberdeen-city/S13002836/ResultsJson.json


Refreshing status on ../2017/SCO/aberdeen-city/S13002837/ResultsJson.json
Writing ../2017/SCO/aberdeen-city/S13002837/ResultsJson.json


Refreshing status on ../2017/SCO/aberdeen-city/S13002838/ResultsJson.json
Writing ../2017/SCO/aberdeen-city/S13002838/ResultsJson.json


Refreshing status on ../2017/SCO/aberdeen-city/S13002839/ResultsJson.json
Writing ../2017/SCO/aberdeen-city/S13002839/ResultsJson.json


Refreshing status on ../2017/SCO/aberdeen-city/S13002840/ResultsJson.json
Writing ../2017/SCO/aberdeen-city/S13002840/ResultsJson.json


Refreshing status on ../2017/SCO/aberdeen-city/S13002841/ResultsJson.json
Writing ../2017/SCO/aberdeen-city/S13002841/ResultsJson.json


Refreshing status on ../2017/SCO/aberdeen-city/S13002842/ResultsJson.json
Writing ../2017/SCO/aberdeen-city/S13002842/ResultsJson.json


Refreshing status on ../2017/SCO/aberdeen-city/S13002843/ResultsJson.json
Writing ../2017/SCO/aberdeen-city/S13002843/ResultsJson.json


Refreshing status on ../2017/SCO/aberdeen-city/S13002844/ResultsJson.json
Last candidate standing marked ELECTED (20905, stage 5) in Hazlehead/Queens Cross/Countesswells
Writing ../2017/SCO/aberdeen-city/S13002844/ResultsJson.json


Refreshing status on ../2017/SCO/aberdeen-city/S13002845/ResultsJson.json
Writing ../2017/SCO/aberdeen-city/S13002845/ResultsJson.json


Refreshing status on ../2017/SCO/aberdeen-city/S13002846/ResultsJson.json
Writing ../2017/SCO/aberdeen-city/S13002846/ResultsJson.json


Refreshing status on ../2017/SCO/aberdeen-city/S13002847/ResultsJson.json
Writing ../2017/SCO/aberdeen-city/S13002847/ResultsJson.json


Refreshing status on ../2017/SCO/angus/S13002867/ResultsJson.json
Writing ../2017/SCO/angus/S13002867/ResultsJson.json


Refreshing status on ../2017/SCO/angus/S13002868/ResultsJson.json
Writing ../2017/SCO/angus/S13002868/ResultsJson.json


Refreshing status on ../2017/SCO/angus/S13002869/ResultsJson.json
Writing ../2017/SCO/angus/S13002869/ResultsJson.json


Refreshing status on ../2017/SCO/angus/S13002870/ResultsJson.json
Last candidate standing marked ELECTED (21858, stage 5) in Monifieth and Sidlaw
Writing ../2017/SCO/angus/S13002870/ResultsJson.json


Refreshing status on ../2017/SCO/angus/S13002871/ResultsJson.json
Writing ../2017/SCO/angus/S13002871/ResultsJson.json


Refreshing status on ../2017/SCO/angus/S13002872/ResultsJson.json
Writing ../2017/SCO/angus/S13002872/ResultsJson.json


Refreshing status on ../2017/SCO/angus/S13002873/ResultsJson.json
Writing ../2017/SCO/angus/S13002873/ResultsJson.json


Refreshing status on ../2017/SCO/angus/S13002874/ResultsJson.json
Writing ../2017/SCO/angus/S13002874/ResultsJson.json


Refreshing status on ../2017/SCO/argyll-and-bute/S13002517/ResultsJson.json
Writing ../2017/SCO/argyll-and-bute/S13002517/ResultsJson.json


Refreshing status on ../2017/SCO/argyll-and-bute/S13002518/ResultsJson.json
Writing ../2017/SCO/argyll-and-bute/S13002518/ResultsJson.json


Refreshing status on ../2017/SCO/argyll-and-bute/S13002519/ResultsJson.json
Writing ../2017/SCO/argyll-and-bute/S13002519/ResultsJson.json


Refreshing status on ../2017/SCO/argyll-and-bute/S13002520/ResultsJson.json
Writing ../2017/SCO/argyll-and-bute/S13002520/ResultsJson.json


Refreshing status on ../2017/SCO/argyll-and-bute/S13002521/ResultsJson.json
Writing ../2017/SCO/argyll-and-bute/S13002521/ResultsJson.json


Refreshing status on ../2017/SCO/argyll-and-bute/S13002522/ResultsJson.json
Last candidate standing marked ELECTED (21576, stage 8) in Dunoon
Writing ../2017/SCO/argyll-and-bute/S13002522/ResultsJson.json


Refreshing status on ../2017/SCO/argyll-and-bute/S13002523/ResultsJson.json
Writing ../2017/SCO/argyll-and-bute/S13002523/ResultsJson.json


Refreshing status on ../2017/SCO/argyll-and-bute/S13002524/ResultsJson.json
Last candidate standing marked ELECTED (21594, stage 6) in Lomond North
Writing ../2017/SCO/argyll-and-bute/S13002524/ResultsJson.json


Refreshing status on ../2017/SCO/argyll-and-bute/S13002525/ResultsJson.json
Writing ../2017/SCO/argyll-and-bute/S13002525/ResultsJson.json


Refreshing status on ../2017/SCO/argyll-and-bute/S13002526/ResultsJson.json
Last candidate standing marked ELECTED (21604, stage 8) in Helensburgh and Lomond South
Writing ../2017/SCO/argyll-and-bute/S13002526/ResultsJson.json


Refreshing status on ../2017/SCO/city-of-edinburgh/S13002919/ResultsJson.json
Writing ../2017/SCO/city-of-edinburgh/S13002919/ResultsJson.json


Refreshing status on ../2017/SCO/city-of-edinburgh/S13002920/ResultsJson.json
Writing ../2017/SCO/city-of-edinburgh/S13002920/ResultsJson.json


Refreshing status on ../2017/SCO/city-of-edinburgh/S13002921/ResultsJson.json
Writing ../2017/SCO/city-of-edinburgh/S13002921/ResultsJson.json


Refreshing status on ../2017/SCO/city-of-edinburgh/S13002922/ResultsJson.json
Writing ../2017/SCO/city-of-edinburgh/S13002922/ResultsJson.json


Refreshing status on ../2017/SCO/city-of-edinburgh/S13002923/ResultsJson.json
Writing ../2017/SCO/city-of-edinburgh/S13002923/ResultsJson.json


Refreshing status on ../2017/SCO/city-of-edinburgh/S13002924/ResultsJson.json
Writing ../2017/SCO/city-of-edinburgh/S13002924/ResultsJson.json


Refreshing status on ../2017/SCO/city-of-edinburgh/S13002925/ResultsJson.json
Writing ../2017/SCO/city-of-edinburgh/S13002925/ResultsJson.json


Refreshing status on ../2017/SCO/city-of-edinburgh/S13002926/ResultsJson.json
Writing ../2017/SCO/city-of-edinburgh/S13002926/ResultsJson.json


Refreshing status on ../2017/SCO/city-of-edinburgh/S13002927/ResultsJson.json
Writing ../2017/SCO/city-of-edinburgh/S13002927/ResultsJson.json


Refreshing status on ../2017/SCO/city-of-edinburgh/S13002928/ResultsJson.json
Writing ../2017/SCO/city-of-edinburgh/S13002928/ResultsJson.json


Refreshing status on ../2017/SCO/city-of-edinburgh/S13002929/ResultsJson.json
Writing ../2017/SCO/city-of-edinburgh/S13002929/ResultsJson.json


Refreshing status on ../2017/SCO/city-of-edinburgh/S13002930/ResultsJson.json
Last candidate standing marked ELECTED (20494, stage 9) in Leith Walk
Writing ../2017/SCO/city-of-edinburgh/S13002930/ResultsJson.json


Refreshing status on ../2017/SCO/city-of-edinburgh/S13002931/ResultsJson.json
Writing ../2017/SCO/city-of-edinburgh/S13002931/ResultsJson.json


Refreshing status on ../2017/SCO/city-of-edinburgh/S13002932/ResultsJson.json
Writing ../2017/SCO/city-of-edinburgh/S13002932/ResultsJson.json


Refreshing status on ../2017/SCO/city-of-edinburgh/S13002933/ResultsJson.json
Writing ../2017/SCO/city-of-edinburgh/S13002933/ResultsJson.json


Refreshing status on ../2017/SCO/city-of-edinburgh/S13002934/ResultsJson.json
Writing ../2017/SCO/city-of-edinburgh/S13002934/ResultsJson.json


Refreshing status on ../2017/SCO/city-of-edinburgh/S13002935/ResultsJson.json
Last candidate standing marked ELECTED (19863, stage 6) in Portobello / Craigmillar
Writing ../2017/SCO/city-of-edinburgh/S13002935/ResultsJson.json


Refreshing status on ../2017/SCO/clackmannanshire/S13002875/ResultsJson.json
Writing ../2017/SCO/clackmannanshire/S13002875/ResultsJson.json


Refreshing status on ../2017/SCO/clackmannanshire/S13002876/ResultsJson.json
Writing ../2017/SCO/clackmannanshire/S13002876/ResultsJson.json


Refreshing status on ../2017/SCO/clackmannanshire/S13002877/ResultsJson.json
Writing ../2017/SCO/clackmannanshire/S13002877/ResultsJson.json


Refreshing status on ../2017/SCO/clackmannanshire/S13002878/ResultsJson.json
Writing ../2017/SCO/clackmannanshire/S13002878/ResultsJson.json


Refreshing status on ../2017/SCO/clackmannanshire/S13002879/ResultsJson.json
Writing ../2017/SCO/clackmannanshire/S13002879/ResultsJson.json


Refreshing status on ../2017/SCO/dundee-city/S13002545/ResultsJson.json
Writing ../2017/SCO/dundee-city/S13002545/ResultsJson.json


Refreshing status on ../2017/SCO/dundee-city/S13002546/ResultsJson.json
Writing ../2017/SCO/dundee-city/S13002546/ResultsJson.json


Refreshing status on ../2017/SCO/dundee-city/S13002547/ResultsJson.json
Last candidate standing marked ELECTED (20096, stage 8) in West End
Writing ../2017/SCO/dundee-city/S13002547/ResultsJson.json


Refreshing status on ../2017/SCO/dundee-city/S13002548/ResultsJson.json
Writing ../2017/SCO/dundee-city/S13002548/ResultsJson.json


Refreshing status on ../2017/SCO/dundee-city/S13002549/ResultsJson.json
Writing ../2017/SCO/dundee-city/S13002549/ResultsJson.json


Refreshing status on ../2017/SCO/dundee-city/S13002551/ResultsJson.json
Writing ../2017/SCO/dundee-city/S13002551/ResultsJson.json


Refreshing status on ../2017/SCO/dundee-city/S13002552/ResultsJson.json
Writing ../2017/SCO/dundee-city/S13002552/ResultsJson.json


Refreshing status on ../2017/SCO/dundee-city/S13002830/ResultsJson.json
Writing ../2017/SCO/dundee-city/S13002830/ResultsJson.json


Refreshing status on ../2017/SCO/east-ayrshire/S13002892/ResultsJson.json
Writing ../2017/SCO/east-ayrshire/S13002892/ResultsJson.json


Refreshing status on ../2017/SCO/east-ayrshire/S13002893/ResultsJson.json
Writing ../2017/SCO/east-ayrshire/S13002893/ResultsJson.json


Refreshing status on ../2017/SCO/east-ayrshire/S13002894/ResultsJson.json
Writing ../2017/SCO/east-ayrshire/S13002894/ResultsJson.json


Refreshing status on ../2017/SCO/east-ayrshire/S13002895/ResultsJson.json
Writing ../2017/SCO/east-ayrshire/S13002895/ResultsJson.json


Refreshing status on ../2017/SCO/east-ayrshire/S13002896/ResultsJson.json
Writing ../2017/SCO/east-ayrshire/S13002896/ResultsJson.json


Refreshing status on ../2017/SCO/east-ayrshire/S13002897/ResultsJson.json
Writing ../2017/SCO/east-ayrshire/S13002897/ResultsJson.json


Refreshing status on ../2017/SCO/east-ayrshire/S13002898/ResultsJson.json
Writing ../2017/SCO/east-ayrshire/S13002898/ResultsJson.json


Refreshing status on ../2017/SCO/east-ayrshire/S13002899/ResultsJson.json
Last candidate standing marked ELECTED (22368, stage 7) in Cumnock and New Cumnock
Writing ../2017/SCO/east-ayrshire/S13002899/ResultsJson.json


Refreshing status on ../2017/SCO/east-ayrshire/S13002900/ResultsJson.json
Writing ../2017/SCO/east-ayrshire/S13002900/ResultsJson.json


Refreshing status on ../2017/SCO/east-dunbartonshire/S13002901/ResultsJson.json
Writing ../2017/SCO/east-dunbartonshire/S13002901/ResultsJson.json


Refreshing status on ../2017/SCO/east-dunbartonshire/S13002902/ResultsJson.json
Writing ../2017/SCO/east-dunbartonshire/S13002902/ResultsJson.json


Refreshing status on ../2017/SCO/east-dunbartonshire/S13002903/ResultsJson.json
Writing ../2017/SCO/east-dunbartonshire/S13002903/ResultsJson.json


Refreshing status on ../2017/SCO/east-dunbartonshire/S13002904/ResultsJson.json
Writing ../2017/SCO/east-dunbartonshire/S13002904/ResultsJson.json


Refreshing status on ../2017/SCO/east-dunbartonshire/S13002905/ResultsJson.json
Writing ../2017/SCO/east-dunbartonshire/S13002905/ResultsJson.json


Refreshing status on ../2017/SCO/east-dunbartonshire/S13002906/ResultsJson.json
Writing ../2017/SCO/east-dunbartonshire/S13002906/ResultsJson.json


Refreshing status on ../2017/SCO/east-dunbartonshire/S13002907/ResultsJson.json
Writing ../2017/SCO/east-dunbartonshire/S13002907/ResultsJson.json


Refreshing status on ../2017/SCO/east-lothian/S13002908/ResultsJson.json
Writing ../2017/SCO/east-lothian/S13002908/ResultsJson.json


Refreshing status on ../2017/SCO/east-lothian/S13002909/ResultsJson.json
Writing ../2017/SCO/east-lothian/S13002909/ResultsJson.json


Refreshing status on ../2017/SCO/east-lothian/S13002910/ResultsJson.json
Last candidate standing marked ELECTED (20447, stage 7) in Tranent, Wallyford and Macmerry
Writing ../2017/SCO/east-lothian/S13002910/ResultsJson.json


Refreshing status on ../2017/SCO/east-lothian/S13002911/ResultsJson.json
Writing ../2017/SCO/east-lothian/S13002911/ResultsJson.json


Refreshing status on ../2017/SCO/east-lothian/S13002912/ResultsJson.json
Writing ../2017/SCO/east-lothian/S13002912/ResultsJson.json


Refreshing status on ../2017/SCO/east-lothian/S13002913/ResultsJson.json
Writing ../2017/SCO/east-lothian/S13002913/ResultsJson.json


Refreshing status on ../2017/SCO/east-renfrewshire/S13002914/ResultsJson.json
Writing ../2017/SCO/east-renfrewshire/S13002914/ResultsJson.json


Refreshing status on ../2017/SCO/east-renfrewshire/S13002915/ResultsJson.json
Writing ../2017/SCO/east-renfrewshire/S13002915/ResultsJson.json


Refreshing status on ../2017/SCO/east-renfrewshire/S13002916/ResultsJson.json
Writing ../2017/SCO/east-renfrewshire/S13002916/ResultsJson.json


Refreshing status on ../2017/SCO/east-renfrewshire/S13002917/ResultsJson.json
Last candidate standing marked ELECTED (21815, stage 10) in Clarkston, Netherlee and Williamwood
Writing ../2017/SCO/east-renfrewshire/S13002917/ResultsJson.json


Refreshing status on ../2017/SCO/east-renfrewshire/S13002918/ResultsJson.json
Writing ../2017/SCO/east-renfrewshire/S13002918/ResultsJson.json


Refreshing status on ../2017/SCO/eilean-siar/S13002600/ResultsJson.json
Writing ../2017/SCO/eilean-siar/S13002600/ResultsJson.json


Refreshing status on ../2017/SCO/eilean-siar/S13002601/ResultsJson.json
Writing ../2017/SCO/eilean-siar/S13002601/ResultsJson.json


Refreshing status on ../2017/SCO/eilean-siar/S13002602/ResultsJson.json
Last candidate standing marked ELECTED (21904, stage 8) in Na Hearadh agus Ceann a Deas nan Loch
Writing ../2017/SCO/eilean-siar/S13002602/ResultsJson.json


Refreshing status on ../2017/SCO/eilean-siar/S13002603/ResultsJson.json
Writing ../2017/SCO/eilean-siar/S13002603/ResultsJson.json


Refreshing status on ../2017/SCO/eilean-siar/S13002604/ResultsJson.json
Writing ../2017/SCO/eilean-siar/S13002604/ResultsJson.json


Refreshing status on ../2017/SCO/eilean-siar/S13002605/ResultsJson.json
Writing ../2017/SCO/eilean-siar/S13002605/ResultsJson.json


Refreshing status on ../2017/SCO/eilean-siar/S13002606/ResultsJson.json
Writing ../2017/SCO/eilean-siar/S13002606/ResultsJson.json


Refreshing status on ../2017/SCO/eilean-siar/S13002607/ResultsJson.json
Writing ../2017/SCO/eilean-siar/S13002607/ResultsJson.json


Refreshing status on ../2017/SCO/eilean-siar/S13002608/ResultsJson.json
Writing ../2017/SCO/eilean-siar/S13002608/ResultsJson.json


Refreshing status on ../2017/SCO/falkirk/S13002936/ResultsJson.json
Writing ../2017/SCO/falkirk/S13002936/ResultsJson.json


Refreshing status on ../2017/SCO/falkirk/S13002937/ResultsJson.json
Writing ../2017/SCO/falkirk/S13002937/ResultsJson.json


Refreshing status on ../2017/SCO/falkirk/S13002938/ResultsJson.json
Writing ../2017/SCO/falkirk/S13002938/ResultsJson.json


Refreshing status on ../2017/SCO/falkirk/S13002939/ResultsJson.json
Writing ../2017/SCO/falkirk/S13002939/ResultsJson.json


Refreshing status on ../2017/SCO/falkirk/S13002940/ResultsJson.json
Writing ../2017/SCO/falkirk/S13002940/ResultsJson.json


Refreshing status on ../2017/SCO/falkirk/S13002941/ResultsJson.json
Writing ../2017/SCO/falkirk/S13002941/ResultsJson.json


Refreshing status on ../2017/SCO/falkirk/S13002942/ResultsJson.json
Writing ../2017/SCO/falkirk/S13002942/ResultsJson.json


Refreshing status on ../2017/SCO/falkirk/S13002943/ResultsJson.json
Writing ../2017/SCO/falkirk/S13002943/ResultsJson.json


Refreshing status on ../2017/SCO/falkirk/S13002944/ResultsJson.json
Writing ../2017/SCO/falkirk/S13002944/ResultsJson.json


Refreshing status on ../2017/SCO/glasgow-city/S13002967/ResultsJson.json
Last candidate standing marked ELECTED (21344, stage 11) in Linn
Writing ../2017/SCO/glasgow-city/S13002967/ResultsJson.json


Refreshing status on ../2017/SCO/glasgow-city/S13002968/ResultsJson.json
Writing ../2017/SCO/glasgow-city/S13002968/ResultsJson.json


Refreshing status on ../2017/SCO/glasgow-city/S13002969/ResultsJson.json
Writing ../2017/SCO/glasgow-city/S13002969/ResultsJson.json


Refreshing status on ../2017/SCO/glasgow-city/S13002970/ResultsJson.json
Writing ../2017/SCO/glasgow-city/S13002970/ResultsJson.json


Refreshing status on ../2017/SCO/glasgow-city/S13002971/ResultsJson.json
Last candidate standing marked ELECTED (20593, stage 10) in Govan
Writing ../2017/SCO/glasgow-city/S13002971/ResultsJson.json


Refreshing status on ../2017/SCO/glasgow-city/S13002972/ResultsJson.json
Writing ../2017/SCO/glasgow-city/S13002972/ResultsJson.json


Refreshing status on ../2017/SCO/glasgow-city/S13002973/ResultsJson.json
Writing ../2017/SCO/glasgow-city/S13002973/ResultsJson.json


Refreshing status on ../2017/SCO/glasgow-city/S13002974/ResultsJson.json
Writing ../2017/SCO/glasgow-city/S13002974/ResultsJson.json


Refreshing status on ../2017/SCO/glasgow-city/S13002975/ResultsJson.json
Last candidate standing marked ELECTED (20783, stage 9) in Calton
Writing ../2017/SCO/glasgow-city/S13002975/ResultsJson.json


Refreshing status on ../2017/SCO/glasgow-city/S13002976/ResultsJson.json
Writing ../2017/SCO/glasgow-city/S13002976/ResultsJson.json


Refreshing status on ../2017/SCO/glasgow-city/S13002977/ResultsJson.json
Writing ../2017/SCO/glasgow-city/S13002977/ResultsJson.json


Refreshing status on ../2017/SCO/glasgow-city/S13002978/ResultsJson.json
Writing ../2017/SCO/glasgow-city/S13002978/ResultsJson.json


Refreshing status on ../2017/SCO/glasgow-city/S13002979/ResultsJson.json
Writing ../2017/SCO/glasgow-city/S13002979/ResultsJson.json


Refreshing status on ../2017/SCO/glasgow-city/S13002980/ResultsJson.json
Writing ../2017/SCO/glasgow-city/S13002980/ResultsJson.json


Refreshing status on ../2017/SCO/glasgow-city/S13002981/ResultsJson.json
Writing ../2017/SCO/glasgow-city/S13002981/ResultsJson.json


Refreshing status on ../2017/SCO/glasgow-city/S13002982/ResultsJson.json
Writing ../2017/SCO/glasgow-city/S13002982/ResultsJson.json


Refreshing status on ../2017/SCO/glasgow-city/S13002983/ResultsJson.json
Writing ../2017/SCO/glasgow-city/S13002983/ResultsJson.json


Refreshing status on ../2017/SCO/glasgow-city/S13002984/ResultsJson.json
Writing ../2017/SCO/glasgow-city/S13002984/ResultsJson.json


Refreshing status on ../2017/SCO/glasgow-city/S13002985/ResultsJson.json
Writing ../2017/SCO/glasgow-city/S13002985/ResultsJson.json


Refreshing status on ../2017/SCO/glasgow-city/S13002986/ResultsJson.json
Writing ../2017/SCO/glasgow-city/S13002986/ResultsJson.json


Refreshing status on ../2017/SCO/glasgow-city/S13002987/ResultsJson.json
Last candidate standing marked ELECTED (20887, stage 8) in North East
Writing ../2017/SCO/glasgow-city/S13002987/ResultsJson.json


Refreshing status on ../2017/SCO/glasgow-city/S13002988/ResultsJson.json
Writing ../2017/SCO/glasgow-city/S13002988/ResultsJson.json


Refreshing status on ../2017/SCO/glasgow-city/S13002989/ResultsJson.json
Writing ../2017/SCO/glasgow-city/S13002989/ResultsJson.json


Refreshing status on ../2017/SCO/highland/S13002990/ResultsJson.json
Last candidate standing marked ELECTED (20971, stage 6) in North, West and Central Sutherland
Writing ../2017/SCO/highland/S13002990/ResultsJson.json


Refreshing status on ../2017/SCO/highland/S13002991/ResultsJson.json
Writing ../2017/SCO/highland/S13002991/ResultsJson.json


Refreshing status on ../2017/SCO/highland/S13002992/ResultsJson.json
Last candidate standing marked ELECTED (20999, stage 8) in Wick and East Caithness
Writing ../2017/SCO/highland/S13002992/ResultsJson.json


Refreshing status on ../2017/SCO/highland/S13002993/ResultsJson.json
Writing ../2017/SCO/highland/S13002993/ResultsJson.json


Refreshing status on ../2017/SCO/highland/S13002994/ResultsJson.json
Writing ../2017/SCO/highland/S13002994/ResultsJson.json


Refreshing status on ../2017/SCO/highland/S13002995/ResultsJson.json
Last candidate standing marked ELECTED (21398, stage 8) in Cromarty Firth
Writing ../2017/SCO/highland/S13002995/ResultsJson.json


Refreshing status on ../2017/SCO/highland/S13002996/ResultsJson.json
Writing ../2017/SCO/highland/S13002996/ResultsJson.json


Refreshing status on ../2017/SCO/highland/S13002997/ResultsJson.json
Writing ../2017/SCO/highland/S13002997/ResultsJson.json


Refreshing status on ../2017/SCO/highland/S13002998/ResultsJson.json
Writing ../2017/SCO/highland/S13002998/ResultsJson.json


Refreshing status on ../2017/SCO/highland/S13002999/ResultsJson.json
Writing ../2017/SCO/highland/S13002999/ResultsJson.json


Refreshing status on ../2017/SCO/highland/S13003000/ResultsJson.json
Writing ../2017/SCO/highland/S13003000/ResultsJson.json


Refreshing status on ../2017/SCO/highland/S13003001/ResultsJson.json
Writing ../2017/SCO/highland/S13003001/ResultsJson.json


Refreshing status on ../2017/SCO/highland/S13003002/ResultsJson.json
Writing ../2017/SCO/highland/S13003002/ResultsJson.json


Refreshing status on ../2017/SCO/highland/S13003003/ResultsJson.json
Writing ../2017/SCO/highland/S13003003/ResultsJson.json


Refreshing status on ../2017/SCO/highland/S13003004/ResultsJson.json
Writing ../2017/SCO/highland/S13003004/ResultsJson.json


Refreshing status on ../2017/SCO/highland/S13003005/ResultsJson.json
Writing ../2017/SCO/highland/S13003005/ResultsJson.json


Refreshing status on ../2017/SCO/highland/S13003006/ResultsJson.json
Writing ../2017/SCO/highland/S13003006/ResultsJson.json


Refreshing status on ../2017/SCO/highland/S13003007/ResultsJson.json
Last candidate standing marked ELECTED (21051, stage 9) in Nairn and Cawdor
Writing ../2017/SCO/highland/S13003007/ResultsJson.json


Refreshing status on ../2017/SCO/highland/S13003008/ResultsJson.json
Writing ../2017/SCO/highland/S13003008/ResultsJson.json


Refreshing status on ../2017/SCO/highland/S13003009/ResultsJson.json
Writing ../2017/SCO/highland/S13003009/ResultsJson.json


Refreshing status on ../2017/SCO/highland/S13003010/ResultsJson.json
Writing ../2017/SCO/highland/S13003010/ResultsJson.json


Refreshing status on ../2017/SCO/midlothian/S13003018/ResultsJson.json
Writing ../2017/SCO/midlothian/S13003018/ResultsJson.json


Refreshing status on ../2017/SCO/midlothian/S13003019/ResultsJson.json
Writing ../2017/SCO/midlothian/S13003019/ResultsJson.json


Refreshing status on ../2017/SCO/midlothian/S13003020/ResultsJson.json
Writing ../2017/SCO/midlothian/S13003020/ResultsJson.json


Refreshing status on ../2017/SCO/midlothian/S13003021/ResultsJson.json
Writing ../2017/SCO/midlothian/S13003021/ResultsJson.json


Refreshing status on ../2017/SCO/midlothian/S13003022/ResultsJson.json
Writing ../2017/SCO/midlothian/S13003022/ResultsJson.json


Refreshing status on ../2017/SCO/midlothian/S13003023/ResultsJson.json
Writing ../2017/SCO/midlothian/S13003023/ResultsJson.json


Refreshing status on ../2017/SCO/moray/S13003024/ResultsJson.json
Writing ../2017/SCO/moray/S13003024/ResultsJson.json


Refreshing status on ../2017/SCO/moray/S13003025/ResultsJson.json
Writing ../2017/SCO/moray/S13003025/ResultsJson.json


Refreshing status on ../2017/SCO/moray/S13003026/ResultsJson.json
Writing ../2017/SCO/moray/S13003026/ResultsJson.json


Refreshing status on ../2017/SCO/moray/S13003027/ResultsJson.json
Writing ../2017/SCO/moray/S13003027/ResultsJson.json


Refreshing status on ../2017/SCO/moray/S13003028/ResultsJson.json
Writing ../2017/SCO/moray/S13003028/ResultsJson.json


Refreshing status on ../2017/SCO/moray/S13003029/ResultsJson.json
Writing ../2017/SCO/moray/S13003029/ResultsJson.json


Refreshing status on ../2017/SCO/moray/S13003030/ResultsJson.json
Writing ../2017/SCO/moray/S13003030/ResultsJson.json


Refreshing status on ../2017/SCO/moray/S13003031/ResultsJson.json
Writing ../2017/SCO/moray/S13003031/ResultsJson.json


Refreshing status on ../2017/SCO/orkney-islands/S13002732/ResultsJson.json
Writing ../2017/SCO/orkney-islands/S13002732/ResultsJson.json


Refreshing status on ../2017/SCO/orkney-islands/S13002733/ResultsJson.json
Writing ../2017/SCO/orkney-islands/S13002733/ResultsJson.json


Refreshing status on ../2017/SCO/orkney-islands/S13002735/ResultsJson.json
Writing ../2017/SCO/orkney-islands/S13002735/ResultsJson.json


Refreshing status on ../2017/SCO/orkney-islands/S13002736/ResultsJson.json
Writing ../2017/SCO/orkney-islands/S13002736/ResultsJson.json


Refreshing status on ../2017/SCO/orkney-islands/S13002737/ResultsJson.json
Writing ../2017/SCO/orkney-islands/S13002737/ResultsJson.json


Refreshing status on ../2017/SCO/simulation/all-the-way/ResultsJson.json
Writing ../2017/SCO/simulation/all-the-way/ResultsJson.json


Refreshing status on ../2017/SCO/simulation/only-so-far/ResultsJson.json
Writing ../2017/SCO/simulation/only-so-far/ResultsJson.json


Refreshing status on ../2017/SCO/stirling/S13003115/ResultsJson.json
Writing ../2017/SCO/stirling/S13003115/ResultsJson.json


Refreshing status on ../2017/SCO/stirling/S13003116/ResultsJson.json
Writing ../2017/SCO/stirling/S13003116/ResultsJson.json


Refreshing status on ../2017/SCO/stirling/S13003117/ResultsJson.json
Writing ../2017/SCO/stirling/S13003117/ResultsJson.json


Refreshing status on ../2017/SCO/stirling/S13003118/ResultsJson.json
Writing ../2017/SCO/stirling/S13003118/ResultsJson.json


Refreshing status on ../2017/SCO/stirling/S13003119/ResultsJson.json
Writing ../2017/SCO/stirling/S13003119/ResultsJson.json


Refreshing status on ../2017/SCO/stirling/S13003120/ResultsJson.json
Writing ../2017/SCO/stirling/S13003120/ResultsJson.json


Refreshing status on ../2017/SCO/stirling/S13003121/ResultsJson.json
Writing ../2017/SCO/stirling/S13003121/ResultsJson.json


Refreshing status on ../2017/SCO/the-scottish-borders/S13002761/ResultsJson.json
Writing ../2017/SCO/the-scottish-borders/S13002761/ResultsJson.json


Refreshing status on ../2017/SCO/the-scottish-borders/S13002762/ResultsJson.json
Writing ../2017/SCO/the-scottish-borders/S13002762/ResultsJson.json


Refreshing status on ../2017/SCO/the-scottish-borders/S13002763/ResultsJson.json
Writing ../2017/SCO/the-scottish-borders/S13002763/ResultsJson.json


Refreshing status on ../2017/SCO/the-scottish-borders/S13002764/ResultsJson.json
Writing ../2017/SCO/the-scottish-borders/S13002764/ResultsJson.json


Refreshing status on ../2017/SCO/the-scottish-borders/S13002765/ResultsJson.json
Last candidate standing marked ELECTED (21787, stage 7) in Leaderdale and Melrose
Writing ../2017/SCO/the-scottish-borders/S13002765/ResultsJson.json


Refreshing status on ../2017/SCO/the-scottish-borders/S13002766/ResultsJson.json
Writing ../2017/SCO/the-scottish-borders/S13002766/ResultsJson.json


Refreshing status on ../2017/SCO/the-scottish-borders/S13002767/ResultsJson.json
Writing ../2017/SCO/the-scottish-borders/S13002767/ResultsJson.json


Refreshing status on ../2017/SCO/the-scottish-borders/S13002768/ResultsJson.json
Writing ../2017/SCO/the-scottish-borders/S13002768/ResultsJson.json


Refreshing status on ../2017/SCO/the-scottish-borders/S13002769/ResultsJson.json
Writing ../2017/SCO/the-scottish-borders/S13002769/ResultsJson.json


Refreshing status on ../2017/SCO/the-scottish-borders/S13002770/ResultsJson.json
Writing ../2017/SCO/the-scottish-borders/S13002770/ResultsJson.json


Refreshing status on ../2017/SCO/the-scottish-borders/S13002771/ResultsJson.json
Writing ../2017/SCO/the-scottish-borders/S13002771/ResultsJson.json


Refreshing status on ../2017/SCO/west-dunbartonshire/S13003122/ResultsJson.json
Writing ../2017/SCO/west-dunbartonshire/S13003122/ResultsJson.json


Refreshing status on ../2017/SCO/west-dunbartonshire/S13003123/ResultsJson.json
Last candidate standing marked ELECTED (21261, stage 7) in Leven
Writing ../2017/SCO/west-dunbartonshire/S13003123/ResultsJson.json


Refreshing status on ../2017/SCO/west-dunbartonshire/S13003124/ResultsJson.json
Writing ../2017/SCO/west-dunbartonshire/S13003124/ResultsJson.json


Refreshing status on ../2017/SCO/west-dunbartonshire/S13003125/ResultsJson.json
Writing ../2017/SCO/west-dunbartonshire/S13003125/ResultsJson.json


Refreshing status on ../2017/SCO/west-dunbartonshire/S13003126/ResultsJson.json
Writing ../2017/SCO/west-dunbartonshire/S13003126/ResultsJson.json


Refreshing status on ../2017/SCO/west-dunbartonshire/S13003127/ResultsJson.json
Last candidate standing marked ELECTED (21422, stage 9) in Clydebank Waterfront
Writing ../2017/SCO/west-dunbartonshire/S13003127/ResultsJson.json


